#
# There is insufficient memory for the Java Runtime Environment to continue.
# Native memory allocation (mmap) failed to map 130023424 bytes. Error detail: G1 virtual space
# Possible reasons:
#   The system is out of physical RAM or swap space
#   This process is running with CompressedOops enabled, and the Java Heap may be blocking the growth of the native heap
# Possible solutions:
#   Reduce memory load on the system
#   Increase physical memory or swap space
#   Check if swap backing store is full
#   Decrease Java heap size (-Xmx/-Xms)
#   Decrease number of Java threads
#   Decrease Java thread stack sizes (-Xss)
#   Set larger code cache with -XX:ReservedCodeCacheSize=
#   JVM is running with Unscaled Compressed Oops mode in which the Java heap is
#     placed in the first 4GB address space. The Java Heap base address is the
#     maximum limit for the native heap growth. Please use -XX:HeapBaseMinAddress
#     to set the Java Heap base and to place the Java Heap above 4GB virtual address.
# This output file may be truncated or incomplete.
#
#  Out of Memory Error (os_windows.cpp:3828), pid=9584, tid=11396
#
# JRE version:  (21.0.5+8) (build )
# Java VM: OpenJDK 64-Bit Server VM (21.0.5+8-b631.30, mixed mode, sharing, tiered, compressed oops, compressed class ptrs, g1 gc, windows-amd64)
# No core dump will be written. Minidumps are not enabled by default on client versions of Windows
#

---------------  S U M M A R Y ------------

Command Line: git4idea.http.GitAskPassApp Username for 'https://github.com': 

Host: 11th Gen Intel(R) Core(TM) i5-1135G7 @ 2.40GHz, 8 cores, 7G,  Windows 10 , 64 bit Build 19041 (10.0.19041.5198)
Time: Wed Jan 29 01:42:51 2025 Sri Lanka Standard Time elapsed time: 0.010243 seconds (0d 0h 0m 0s)

---------------  T H R E A D  ---------------

Current thread (0x000002999b2ff3d0):  JavaThread "Unknown thread" [_thread_in_vm, id=11396, stack(0x0000009af0900000,0x0000009af0a00000) (1024K)]

Stack: [0x0000009af0900000,0x0000009af0a00000]
Native frames: (J=compiled Java code, j=interpreted, Vv=VM code, C=native code)
V  [jvm.dll+0x6e52b9]
V  [jvm.dll+0x8c3633]
V  [jvm.dll+0x8c5b8e]
V  [jvm.dll+0x8c6273]
V  [jvm.dll+0x288f46]
V  [jvm.dll+0x6e1a35]
V  [jvm.dll+0x6d5e3a]
V  [jvm.dll+0x3634bb]
V  [jvm.dll+0x36b086]
V  [jvm.dll+0x3bd346]
V  [jvm.dll+0x3bd618]
V  [jvm.dll+0x335c2c]
V  [jvm.dll+0x33691b]
V  [jvm.dll+0x88aa89]
V  [jvm.dll+0x3ca518]
V  [jvm.dll+0x873b98]
V  [jvm.dll+0x45eede]
V  [jvm.dll+0x460bc1]
C  [jli.dll+0x52ab]
C  [ucrtbase.dll+0x21bb2]
C  [KERNEL32.DLL+0x17374]
C  [ntdll.dll+0x4cc91]


---------------  P R O C E S S  ---------------

Threads class SMR info:
_java_thread_list=0x00007ffe2131a148, length=0, elements={
}

Java Threads: ( => current thread )
Total: 0

Other Threads:
  0x000002999d4e23c0 WorkerThread "GC Thread#0"                     [id=9604, stack(0x0000009af0a00000,0x0000009af0b00000) (1024K)]
  0x000002999d4f3ac0 ConcurrentGCThread "G1 Main Marker"            [id=11768, stack(0x0000009af0b00000,0x0000009af0c00000) (1024K)]
  0x000002999d4f44d0 WorkerThread "G1 Conc#0"                       [id=4300, stack(0x0000009af0c00000,0x0000009af0d00000) (1024K)]

[error occurred during error reporting (printing all threads), id 0xc0000005, EXCEPTION_ACCESS_VIOLATION (0xc0000005) at pc=0x00007ffe20a08ce7]
VM state: not at safepoint (not fully initialized)

VM Mutex/Monitor currently owned by a thread:  ([mutex/lock_event])
[0x00007ffe2138eb30] Heap_lock - owner thread: 0x000002999b2ff3d0

Heap address: 0x0000000084000000, size: 1984 MB, Compressed Oops mode: 32-bit

CDS archive(s) mapped at: [0x0000000000000000-0x0000000000000000-0x0000000000000000), size 0, SharedBaseAddress: 0x0000000800000000, ArchiveRelocationMode: 1.
Narrow klass base: 0x0000000000000000, Narrow klass shift: 0, Narrow klass range: 0x0

GC Precious Log:
 CardTable entry size: 512
 Card Set container configuration: InlinePtr #cards 5 size 8 Array Of Cards #cards 12 size 40 Howl #buckets 4 coarsen threshold 1843 Howl Bitmap #cards 512 size 80 coarsen threshold 460 Card regions per heap region 1 cards per card region 2048

Heap:
 garbage-first heap   total 0K, used 0K [0x0000000084000000, 0x0000000100000000)
  region size 1024K, 0 young (0K), 0 survivors (0K)
 Metaspace       used 0K, committed 0K, reserved 0K
  class space    used 0K, committed 0K, reserved 0K

Heap Regions: E=young(eden), S=young(survivor), O=old, HS=humongous(starts), HC=humongous(continues), CS=collection set, F=free, TAMS=top-at-mark-start, PB=parsable bottom

Card table byte_map: [0x00000299b0b40000,0x00000299b0f20000] _byte_map_base: 0x00000299b0720000

Marking Bits: (CMBitMap*) 0x000002999d4e39e0
 Bits: [0x00000299b0f20000, 0x00000299b2e20000)

GC Heap History (0 events):
No events

Dll operation events (1 events):
Event: 0.005 Loaded shared library D:\WebStorm 2024.3.2.1\jbr\bin\java.dll

Deoptimization events (0 events):
No events

Classes loaded (0 events):
No events

Classes unloaded (0 events):
No events

Classes redefined (0 events):
No events

Internal exceptions (0 events):
No events

ZGC Phase Switch (0 events):
No events

VM Operations (0 events):
No events

Memory protections (0 events):
No events

Nmethod flushes (0 events):
No events

Events (0 events):
No events


Dynamic libraries:
0x00007ff6e54d0000 - 0x00007ff6e54da000 	D:\WebStorm 2024.3.2.1\jbr\bin\java.exe
0x00007ffe71110000 - 0x00007ffe71308000 	C:\WINDOWS\SYSTEM32\ntdll.dll
0x00007ffe70e50000 - 0x00007ffe70f12000 	C:\WINDOWS\System32\KERNEL32.DLL
0x00007ffe6ea20000 - 0x00007ffe6ed1f000 	C:\WINDOWS\System32\KERNELBASE.dll
0x00007ffe6ef30000 - 0x00007ffe6f030000 	C:\WINDOWS\System32\ucrtbase.dll
0x00007ffe582d0000 - 0x00007ffe582eb000 	D:\WebStorm 2024.3.2.1\jbr\bin\VCRUNTIME140.dll
0x00007ffe44310000 - 0x00007ffe44328000 	D:\WebStorm 2024.3.2.1\jbr\bin\jli.dll
0x00007ffe701e0000 - 0x00007ffe7037d000 	C:\WINDOWS\System32\USER32.dll
0x00007ffe6e960000 - 0x00007ffe6e982000 	C:\WINDOWS\System32\win32u.dll
0x00007ffe6fe40000 - 0x00007ffe6fe6b000 	C:\WINDOWS\System32\GDI32.dll
0x00007ffe58020000 - 0x00007ffe582ba000 	C:\WINDOWS\WinSxS\amd64_microsoft.windows.common-controls_6595b64144ccf1df_6.0.19041.4355_none_60b8b9eb71f62e16\COMCTL32.dll
0x00007ffe6e7a0000 - 0x00007ffe6e8b7000 	C:\WINDOWS\System32\gdi32full.dll
0x00007ffe6e8c0000 - 0x00007ffe6e95d000 	C:\WINDOWS\System32\msvcp_win.dll
0x00007ffe70140000 - 0x00007ffe701de000 	C:\WINDOWS\System32\msvcrt.dll
0x00007ffe6fe70000 - 0x00007ffe6fe9f000 	C:\WINDOWS\System32\IMM32.DLL
0x00007ffe6a600000 - 0x00007ffe6a60c000 	D:\WebStorm 2024.3.2.1\jbr\bin\vcruntime140_1.dll
0x00007ffded200000 - 0x00007ffded28d000 	D:\WebStorm 2024.3.2.1\jbr\bin\msvcp140.dll
0x00007ffe206c0000 - 0x00007ffe21481000 	D:\WebStorm 2024.3.2.1\jbr\bin\server\jvm.dll
0x00007ffe70d90000 - 0x00007ffe70e41000 	C:\WINDOWS\System32\ADVAPI32.dll
0x00007ffe70cf0000 - 0x00007ffe70d8f000 	C:\WINDOWS\System32\sechost.dll
0x00007ffe6fea0000 - 0x00007ffe6ffc3000 	C:\WINDOWS\System32\RPCRT4.dll
0x00007ffe6f0a0000 - 0x00007ffe6f0c7000 	C:\WINDOWS\System32\bcrypt.dll
0x00007ffe70c80000 - 0x00007ffe70ceb000 	C:\WINDOWS\System32\WS2_32.dll
0x00007ffe6dce0000 - 0x00007ffe6dd2b000 	C:\WINDOWS\SYSTEM32\POWRPROF.dll
0x00007ffe66300000 - 0x00007ffe6630a000 	C:\WINDOWS\SYSTEM32\VERSION.dll
0x00007ffe56460000 - 0x00007ffe56487000 	C:\WINDOWS\SYSTEM32\WINMM.dll
0x00007ffe6dba0000 - 0x00007ffe6dbb2000 	C:\WINDOWS\SYSTEM32\UMPDC.dll
0x00007ffe6cfc0000 - 0x00007ffe6cfd2000 	C:\WINDOWS\SYSTEM32\kernel.appcore.dll
0x00007ffe5d9b0000 - 0x00007ffe5d9ba000 	D:\WebStorm 2024.3.2.1\jbr\bin\jimage.dll
0x00007ffe6c510000 - 0x00007ffe6c6f4000 	C:\WINDOWS\SYSTEM32\DBGHELP.DLL
0x00007ffe4b080000 - 0x00007ffe4b0b4000 	C:\WINDOWS\SYSTEM32\dbgcore.DLL
0x00007ffe6e990000 - 0x00007ffe6ea12000 	C:\WINDOWS\System32\bcryptPrimitives.dll
0x00007ffe57cd0000 - 0x00007ffe57cf0000 	D:\WebStorm 2024.3.2.1\jbr\bin\java.dll

dbghelp: loaded successfully - version: 4.0.5 - missing functions: none
symbol engine: initialized successfully - sym options: 0x614 - pdb path: .;D:\WebStorm 2024.3.2.1\jbr\bin;C:\WINDOWS\SYSTEM32;C:\WINDOWS\WinSxS\amd64_microsoft.windows.common-controls_6595b64144ccf1df_6.0.19041.4355_none_60b8b9eb71f62e16;D:\WebStorm 2024.3.2.1\jbr\bin\server

VM Arguments:
java_command: git4idea.http.GitAskPassApp Username for 'https://github.com': 
java_class_path (initial): D:/WebStorm 2024.3.2.1/plugins/vcs-git/lib/git4idea-rt.jar;D:/WebStorm 2024.3.2.1/lib/externalProcess-rt.jar
Launcher Type: SUN_STANDARD

[Global flags]
     intx CICompilerCount                          = 4                                         {product} {ergonomic}
     uint ConcGCThreads                            = 2                                         {product} {ergonomic}
     uint G1ConcRefinementThreads                  = 8                                         {product} {ergonomic}
   size_t G1HeapRegionSize                         = 1048576                                   {product} {ergonomic}
    uintx GCDrainStackTargetSize                   = 64                                        {product} {ergonomic}
   size_t InitialHeapSize                          = 130023424                                 {product} {ergonomic}
   size_t MarkStackSize                            = 4194304                                   {product} {ergonomic}
   size_t MaxHeapSize                              = 2080374784                                {product} {ergonomic}
   size_t MinHeapDeltaBytes                        = 1048576                                   {product} {ergonomic}
   size_t MinHeapSize                              = 8388608                                   {product} {ergonomic}
    uintx NonNMethodCodeHeapSize                   = 5839372                                {pd product} {ergonomic}
    uintx NonProfiledCodeHeapSize                  = 122909434                              {pd product} {ergonomic}
    uintx ProfiledCodeHeapSize                     = 122909434                              {pd product} {ergonomic}
    uintx ReservedCodeCacheSize                    = 251658240                              {pd product} {ergonomic}
     bool SegmentedCodeCache                       = true                                      {product} {ergonomic}
   size_t SoftMaxHeapSize                          = 2080374784                             {manageable} {ergonomic}
     bool UseCompressedOops                        = true                           {product lp64_product} {ergonomic}
     bool UseG1GC                                  = true                                      {product} {ergonomic}
     bool UseLargePagesIndividualAllocation        = false                                  {pd product} {ergonomic}

Logging:
Log output configuration:
 #0: stdout all=warning uptime,level,tags foldmultilines=false
 #1: stderr all=off uptime,level,tags foldmultilines=false

Environment Variables:
PATH=C:\Program Files\Git\mingw64\libexec\git-core;C:\Program Files\Git\mingw64\libexec\git-core;C:\Program Files\Git\mingw64\bin;C:\Program Files\Git\usr\bin;C:\Users\HP\bin;C:\Program Files\Common Files\Oracle\Java\javapath;C:\WINDOWS\system32;C:\WINDOWS;C:\WINDOWS\System32\Wbem;C:\WINDOWS\System32\WindowsPowerShell\v1.0;C:\WINDOWS\System32\OpenSSH;C:\Program Files\Polyspace\R2020a\bin;C:\Program Files\IBM\SPSS\Statistics\25\JRE\bin;C:\ProgramData\chocolatey\bin;C:\Program Files\dotnet;C:\Program Files\Git\cmd;C:\Program Files\nodejs;C:\Users\HP\anaconda3;C:\Users\HP\anaconda3\Library\mingw-w64\bin;C:\Users\HP\anaconda3\Library\usr\bin;C:\Users\HP\anaconda3\Library\bin;C:\Users\HP\anaconda3\Scripts;C:\Users\HP\AppData\Local\Microsoft\WindowsApps;C:\Users\HP\AppData\Local\Programs\Microsoft VS Code\bin;C:\msys64\mingw64\bin;C:\Users\HP\.dotnet\tools;C:\Users\HP\AppData\Roaming\npm;C:\Users\HP\AppData\Local\Microsoft\WinGet\Packages\Schniz.fnm_Microsoft.Winget.Source_8wekyb3d8bbwe;D:\WebStorm 2024.3.2.1\bin
USERNAME=HP
DISPLAY=:0.0
LC_ALL=en_US.UTF-8
TERM=xterm-256color
TMPDIR=C:\Users\HP\AppData\Local\Temp
OS=Windows_NT
PROCESSOR_IDENTIFIER=Intel64 Family 6 Model 140 Stepping 1, GenuineIntel
TMP=C:\Users\HP\AppData\Local\Temp
TEMP=C:\Users\HP\AppData\Local\Temp




Periodic native trim disabled

JNI global refs:
JNI global refs: 0, weak refs: 0

JNI global refs memory usage: 0, weak refs: 0

Process memory usage:
Resident Set Size: 10784K (0% of 8123000K total physical memory with 568024K free physical memory)

OOME stack traces (most recent first):
Classloader memory used:

---------------  S Y S T E M  ---------------

OS:
 Windows 10 , 64 bit Build 19041 (10.0.19041.5198)
OS uptime: 0 days 1:22 hours

CPU: total 8 (initial active 8) (4 cores per cpu, 2 threads per core) family 6 model 140 stepping 1 microcode 0x86, cx8, cmov, fxsr, ht, mmx, 3dnowpref, sse, sse2, sse3, ssse3, sse4.1, sse4.2, popcnt, lzcnt, tsc, tscinvbit, avx, avx2, aes, erms, clmul, bmi1, bmi2, adx, avx512f, avx512dq, avx512cd, avx512bw, avx512vl, sha, fma, vzeroupper, avx512_vpopcntdq, avx512_vpclmulqdq, avx512_vaes, avx512_vnni, clflush, clflushopt, clwb, avx512_vbmi2, avx512_vbmi, rdtscp, rdpid, fsrm, gfni, avx512_bitalg, f16c, pku, cet_ibt, cet_ss, avx512_ifma
Processor Information for all 8 processors :
  Max Mhz: 2419, Current Mhz: 2419, Mhz Limit: 2419

Memory: 4k page, system-wide physical 7932M (554M free)
TotalPageFile size 12949M (AvailPageFile size 102M)
current process WorkingSet (physical memory assigned to process): 10M, peak: 10M
current process commit charge ("private bytes"): 60M, peak: 184M

vm_info: OpenJDK 64-Bit Server VM (21.0.5+8-b631.30) for windows-amd64 JRE (21.0.5+8-b631.30), built on 2024-12-06 by "builduser" with MS VC++ 16.10 / 16.11 (VS2019)

END.
